<?xml version="1.0" encoding="UTF-8"?>
<!-- Generated by org.testng.reporters.JUnitReportReporter -->
<testsuite skipped="0" hostname="DESKTOP-5P74EC3" name="Save.testRun" tests="1" failures="0" timestamp="2022-02-13T19:55:15 IST" time="12.097" errors="0">
  <testcase name="startBrowser" time="12.097" classname="Save.testRun"/>
  <system-out/>
</testsuite> <!-- Save.testRun -->
